2022/03/28 22:37:28 本地备份路径：/home/even/mysql_backup/mysql_db_test_2022-03-28.sql
远程备份路径(如开启远程备份)：/backup/mysql_db_test_2022-03-28.sql
2022/03/28 22:38:38 0xc000012950备份完成
2022/03/28 22:38:48 备份结束
本地备份路径：/home/even/mysql_backup/mysql_db_test_2022-03-28.sql
远程备份路径(如开启远程备份)：/backup/mysql_db_test_2022-03-28.sql
2022/03/28 22:39:36 0xc0000100b0备份完成
2022/03/28 22:39:46 备份结束
本地备份路径：/home/even/mysql_backup/mysql_db_test_2022-03-28.sql
远程备份路径(如开启远程备份)：/backup/mysql_db_test_2022-03-28.sql
2022/03/28 22:42:47 
备份开始
2022/03/28 22:42:47 0xc0000100b8备份完成
2022/03/28 22:42:57 备份结束
本地备份路径：/home/even/mysql_backup/mysql_db_test_2022-03-28.sql
远程备份路径(如开启远程备份)：/backup/mysql_db_test_2022-03-28.sql
2022/03/28 22:43:39 备份开始
2022/03/28 22:43:40 0xc0000100b8备份完成
2022/03/28 22:43:50 备份结束
本地备份路径：/home/even/mysql_backup/mysql_db_test_2022-03-28.sql
远程备份路径(如开启远程备份)：/backup/mysql_db_test_2022-03-28.sql
2022/03/28 22:43:56 备份开始
2022/03/28 22:43:57 0xc0000100b8备份完成
2022/03/28 22:44:07 备份结束
本地备份路径：/home/even/mysql_backup/mysql_db_test_2022-03-28.sql
远程备份路径(如开启远程备份)：/backup/mysql_db_test_2022-03-28.sql
2022/03/28 22:46:59 备份开始
2022/03/28 22:46:59 正在备份：mysql
2022/03/28 22:47:00 mysql备份完成
2022/03/28 22:47:10 备份结束
本地备份路径：/home/even/mysql_backup/mysql_db_test_2022-03-28.sql
远程备份路径(如开启远程备份)：/backup/mysql_db_test_2022-03-28.sql
2022/03/28 22:47:33 备份开始
2022/03/28 22:47:33 正在备份：all
2022/03/28 22:47:33 all备份完成
2022/03/28 22:47:43 备份结束
本地备份路径：/home/even/mysql_backup/all_db_test_2022-03-28.sql
远程备份路径(如开启远程备份)：/backup/all_db_test_2022-03-28.sql
2022/03/28 23:22:35 备份开始
2022/03/28 23:22:35 正在备份：all
2022/03/28 23:22:35 all备份完成
2022/03/28 23:22:40 备份开始
2022/03/28 23:22:40 正在备份：all
2022/03/28 23:22:40 all备份完成
2022/03/28 23:22:46 备份开始
2022/03/28 23:22:46 正在备份：all
2022/03/28 23:22:46 all备份完成
2022/03/28 23:22:56 备份结束
本地备份路径：/home/even/mysql_backup/all_db_test_2022-03-28.sql
远程备份路径(如开启远程备份)：/backup/all_db_test_2022-03-28.sql
2022/03/28 23:27:43 备份开始
2022/03/28 23:27:43 正在备份：all
2022/03/28 23:27:44 all备份完成
2022/03/28 23:34:40 备份开始
2022/03/28 23:34:40 正在备份：all
2022/03/28 23:34:41 all备份完成
2022/04/11 18:00:09 stderr: exit status 9
2022/04/11 18:02:59 stderr: exit status 9
2022/04/11 18:14:29 备份开始
2022/04/11 18:14:29 正在备份：all
2022/04/11 18:14:29 all备份失败：all数据库配置失败：exit status 2
2022/04/11 18:14:29 all备份完成
2022/04/11 18:15:01 备份开始
2022/04/11 18:15:01 正在备份：all
2022/04/11 18:15:01 all备份失败：all数据库配置失败：exit status 2
2022/04/11 18:15:01 all备份完成
2022/04/11 23:06:56 stderr: exit status 1
2022/04/11 23:20:18 备份开始
2022/04/11 23:20:18 正在备份：all
2022/04/11 23:20:19 all备份完成
2022/04/12 00:48:02 stderr: exit status 2
2022/04/12 00:49:06 stderr: exit status 1
2022/04/12 16:06:07 备份开始
2022/04/12 16:06:36 正在备份：all
2022/04/12 16:06:36 all备份失败：all数据库配置失败：exit status 1
2022/04/12 16:06:36 all备份完成
2022/04/12 16:08:56 备份开始
2022/04/12 16:10:36 正在备份：all
2022/04/12 16:10:45 all备份失败：all数据库配置失败：exit status 1
2022/04/12 16:10:45 all备份完成
2022/04/12 16:11:14 备份开始
2022/04/12 16:11:32 正在备份：all
2022/04/12 16:13:16 备份开始
2022/04/12 16:13:19 正在备份：all
2022/04/12 16:30:58 备份开始
2022/04/12 16:31:04 正在备份：all
2022/04/12 16:31:08 all备份失败：all数据库配置失败：exit status 1
2022/04/12 16:31:08 all备份完成
2022/04/12 16:31:22 备份开始
2022/04/12 16:31:22 正在备份：all
2022/04/12 18:02:58 备份开始
2022/04/12 18:02:58 正在备份：all
2022/04/12 18:10:58 备份开始
2022/04/12 18:10:58 正在备份：all
2022/04/12 18:18:48 备份开始
2022/04/12 18:18:48 正在备份：all
2022/04/12 18:18:48 all备份失败：all数据库配置失败：exit status 1
2022/04/12 18:18:48 all备份完成
2022/04/12 18:19:10 备份开始
2022/04/12 18:19:10 正在备份：all
2022/04/12 18:29:48 备份开始
2022/04/12 18:29:48 正在备份：all
2022/04/12 18:31:34 all备份完成
2022/04/12 18:32:21 备份开始
2022/04/12 18:32:21 正在备份：all
2022/04/12 18:32:22 all备份完成
2022/04/12 18:32:22 备份结束
本地备份路径：/home/even/mysql_backup/all_db_test_2022-04-12.sql.gz
远程备份路径(如开启远程备份)：/backup/all_db_test_2022-04-12.sql.gz
2022/04/12 18:32:51 备份开始
2022/04/12 18:33:54 备份开始
2022/04/12 18:34:32 备份开始
2022/04/12 18:35:22 备份开始
2022/04/12 18:35:56 备份开始
2022/04/12 18:37:07 备份开始
2022/04/12 18:37:38 备份开始
2022/04/12 18:41:17 备份开始
2022/04/12 18:41:20 正在备份：mysql
2022/04/12 18:41:21 mysql备份完成
2022/04/12 18:42:22 备份开始
2022/04/12 18:46:37 备份开始
2022/04/12 18:46:42 正在备份：test
2022/04/12 18:46:42 test备份失败：test数据库配置失败：exit status 1
2022/04/12 18:46:42 test备份完成
2022/04/12 18:48:21 备份开始
2022/04/12 18:49:11 正在备份：test
2022/04/12 18:49:11 test备份失败：test数据库配置失败：exit status 1
2022/04/12 18:49:11 test备份完成
2022/04/12 18:50:31 备份开始
